<?xml version="1.0" encoding="UTF-8"?>
<!-- Generated by org.testng.reporters.JUnitXMLReporter -->
<testsuite hostname="DESKTOP-T7F2HMV" name="Default test" tests="3" failures="0" timestamp="25 Feb 2021 14:50:12 GMT" time="29.551" errors="0">
  <testcase name="signInButtonTest" time="5.283" classname="SmokeTestCases.SmokeTest"/>
  <testcase name="upcomingSubMenuTest" time="9.856" classname="SmokeTestCases.SmokeTest"/>
  <testcase name="findUsedCarsSubMenu" time="14.385" classname="SmokeTestCases.SmokeTest"/>
</testsuite> <!-- Default test -->
