<?xml version="1.0" encoding="UTF-8"?>
<!-- Generated by org.testng.reporters.JUnitXMLReporter -->
<testsuite hostname="DESKTOP-T7F2HMV" name="GoogleSignIn" tests="1" failures="1" timestamp="20 Feb 2021 12:16:27 GMT" time="9.8" errors="0">
  <testcase name="testGoogleSignIn" time="6.04" classname="TestUsingTestNG.GoogleSignInTest">
    <failure type="java.util.NoSuchElementException">
      <![CDATA[java.util.NoSuchElementException
	at java.util.LinkedHashMap$LinkedHashIterator.nextNode(Unknown Source)
	at java.util.LinkedHashMap$LinkedKeyIterator.next(Unknown Source)
	at GoogleSignIn.GoogleSignIn.emailInput(GoogleSignIn.java:60)
	at TestUsingTestNG.GoogleSignInTest.testGoogleSignIn(GoogleSignInTest.java:17)
... Removed 25 stack frames]]>
    </failure>
  </testcase> <!-- testGoogleSignIn -->
</testsuite> <!-- GoogleSignIn -->
