<?xml version="1.0" encoding="UTF-8"?>
<!-- Generated by org.testng.reporters.JUnitXMLReporter -->
<testsuite ignored="0" hostname="shristi" failures="0" tests="3" name="Regression Test" time="101.389" errors="0" timestamp="2021-02-26T10:55:54 IST">
  <testcase classname="RegressionTestCases.TestBaseReg" name="testUpcomingBike" time="36.016"/>
  <testcase classname="RegressionTestCases.TestBaseReg" name="testUsedCars" time="17.558"/>
  <testcase classname="RegressionTestCases.TestBaseReg" name="testGoogleSignIn" time="30.606"/>
</testsuite> <!-- Regression Test -->
